  [1m[35m (2.4ms)[0m  [1m[34mSELECT sqlite_version(*)[0m
  [1m[35m (1.4ms)[0m  [1m[35mCREATE TABLE "schema_migrations" ("version" varchar NOT NULL PRIMARY KEY)[0m
  [1m[35m (1.4ms)[0m  [1m[35mCREATE TABLE "ar_internal_metadata" ("key" varchar NOT NULL PRIMARY KEY, "value" varchar, "created_at" datetime(6) NOT NULL, "updated_at" datetime(6) NOT NULL)[0m
  [1m[35m (0.2ms)[0m  [1m[34mSELECT "schema_migrations"."version" FROM "schema_migrations" ORDER BY "schema_migrations"."version" ASC[0m
Migrating to CreateUsers (20190822013911)
  [1m[36mTRANSACTION (0.0ms)[0m  [1m[36mbegin transaction[0m
  [1m[35m (0.6ms)[0m  [1m[35mCREATE TABLE "users" ("id" integer PRIMARY KEY AUTOINCREMENT NOT NULL, "name" varchar, "email" varchar, "created_at" datetime(6) NOT NULL, "updated_at" datetime(6) NOT NULL)[0m
  [1m[36mActiveRecord::SchemaMigration Create (0.2ms)[0m  [1m[32mINSERT INTO "schema_migrations" ("version") VALUES (?)[0m  [["version", "20190822013911"]]
  [1m[36mTRANSACTION (1.1ms)[0m  [1m[36mcommit transaction[0m
Migrating to AddIndexToUsersEmail (20190822021835)
  [1m[36mTRANSACTION (0.1ms)[0m  [1m[36mbegin transaction[0m
  [1m[35m (0.3ms)[0m  [1m[35mCREATE UNIQUE INDEX "index_users_on_email" ON "users" ("email")[0m
  [1m[36mActiveRecord::SchemaMigration Create (0.2ms)[0m  [1m[32mINSERT INTO "schema_migrations" ("version") VALUES (?)[0m  [["version", "20190822021835"]]
  [1m[36mTRANSACTION (1.1ms)[0m  [1m[36mcommit transaction[0m
Migrating to AddPasswordDigestToUsers (20190822031056)
  [1m[36mTRANSACTION (0.1ms)[0m  [1m[36mbegin transaction[0m
  [1m[35m (0.4ms)[0m  [1m[35mALTER TABLE "users" ADD "password_digest" varchar[0m
  [1m[36mActiveRecord::SchemaMigration Create (0.2ms)[0m  [1m[32mINSERT INTO "schema_migrations" ("version") VALUES (?)[0m  [["version", "20190822031056"]]
  [1m[36mTRANSACTION (0.8ms)[0m  [1m[36mcommit transaction[0m
Migrating to AddRememberDigestToUsers (20190823000019)
  [1m[36mTRANSACTION (0.1ms)[0m  [1m[36mbegin transaction[0m
  [1m[35m (0.4ms)[0m  [1m[35mALTER TABLE "users" ADD "remember_digest" varchar[0m
  [1m[36mActiveRecord::SchemaMigration Create (0.1ms)[0m  [1m[32mINSERT INTO "schema_migrations" ("version") VALUES (?)[0m  [["version", "20190823000019"]]
  [1m[36mTRANSACTION (1.0ms)[0m  [1m[36mcommit transaction[0m
Migrating to AddAdminToUsers (20190823171209)
  [1m[36mTRANSACTION (0.0ms)[0m  [1m[36mbegin transaction[0m
  [1m[35m (0.4ms)[0m  [1m[35mALTER TABLE "users" ADD "admin" boolean DEFAULT 0[0m
  [1m[36mActiveRecord::SchemaMigration Create (0.2ms)[0m  [1m[32mINSERT INTO "schema_migrations" ("version") VALUES (?)[0m  [["version", "20190823171209"]]
  [1m[36mTRANSACTION (0.8ms)[0m  [1m[36mcommit transaction[0m
Migrating to AddActivationToUsers (20190823175841)
  [1m[36mTRANSACTION (0.1ms)[0m  [1m[36mbegin transaction[0m
  [1m[35m (0.5ms)[0m  [1m[35mALTER TABLE "users" ADD "activation_digest" varchar[0m
  [1m[35m (0.2ms)[0m  [1m[35mALTER TABLE "users" ADD "activated" boolean DEFAULT 0[0m
  [1m[35m (0.1ms)[0m  [1m[35mALTER TABLE "users" ADD "activated_at" datetime[0m
  [1m[36mActiveRecord::SchemaMigration Create (0.2ms)[0m  [1m[32mINSERT INTO "schema_migrations" ("version") VALUES (?)[0m  [["version", "20190823175841"]]
  [1m[36mTRANSACTION (0.8ms)[0m  [1m[36mcommit transaction[0m
Migrating to AddResetToUsers (20190824013003)
  [1m[36mTRANSACTION (0.1ms)[0m  [1m[36mbegin transaction[0m
  [1m[35m (0.4ms)[0m  [1m[35mALTER TABLE "users" ADD "reset_digest" varchar[0m
  [1m[35m (0.1ms)[0m  [1m[35mALTER TABLE "users" ADD "reset_sent_at" datetime[0m
  [1m[36mActiveRecord::SchemaMigration Create (0.1ms)[0m  [1m[32mINSERT INTO "schema_migrations" ("version") VALUES (?)[0m  [["version", "20190824013003"]]
  [1m[36mTRANSACTION (0.9ms)[0m  [1m[36mcommit transaction[0m
Migrating to CreateMicroposts (20190824113338)
  [1m[36mTRANSACTION (0.0ms)[0m  [1m[36mbegin transaction[0m
  [1m[35m (0.4ms)[0m  [1m[35mCREATE TABLE "microposts" ("id" integer PRIMARY KEY AUTOINCREMENT NOT NULL, "content" text, "user_id" bigint NOT NULL, "created_at" datetime(6) NOT NULL, "updated_at" datetime(6) NOT NULL, CONSTRAINT "fk_rails_558c81314b"
FOREIGN KEY ("user_id")
  REFERENCES "users" ("id")
)[0m
  [1m[35m (0.2ms)[0m  [1m[35mCREATE INDEX "index_microposts_on_user_id" ON "microposts" ("user_id")[0m
  [1m[35m (0.2ms)[0m  [1m[35mCREATE INDEX "index_microposts_on_user_id_and_created_at" ON "microposts" ("user_id", "created_at")[0m
  [1m[36mActiveRecord::SchemaMigration Create (0.1ms)[0m  [1m[32mINSERT INTO "schema_migrations" ("version") VALUES (?)[0m  [["version", "20190824113338"]]
  [1m[36mTRANSACTION (1.6ms)[0m  [1m[36mcommit transaction[0m
Migrating to CreateActiveStorageTables (20190827011913)
  [1m[36mTRANSACTION (0.0ms)[0m  [1m[36mbegin transaction[0m
  [1m[35m (0.4ms)[0m  [1m[35mCREATE TABLE "active_storage_blobs" ("id" integer PRIMARY KEY AUTOINCREMENT NOT NULL, "key" varchar NOT NULL, "filename" varchar NOT NULL, "content_type" varchar, "metadata" text, "byte_size" bigint NOT NULL, "checksum" varchar NOT NULL, "created_at" datetime NOT NULL)[0m
  [1m[35m (0.1ms)[0m  [1m[35mCREATE UNIQUE INDEX "index_active_storage_blobs_on_key" ON "active_storage_blobs" ("key")[0m
  [1m[35m (0.1ms)[0m  [1m[35mCREATE TABLE "active_storage_attachments" ("id" integer PRIMARY KEY AUTOINCREMENT NOT NULL, "name" varchar NOT NULL, "record_type" varchar NOT NULL, "record_id" integer NOT NULL, "blob_id" integer NOT NULL, "created_at" datetime NOT NULL, CONSTRAINT "fk_rails_c3b3935057"
FOREIGN KEY ("blob_id")
  REFERENCES "active_storage_blobs" ("id")
)[0m
  [1m[35m (0.1ms)[0m  [1m[35mCREATE INDEX "index_active_storage_attachments_on_blob_id" ON "active_storage_attachments" ("blob_id")[0m
  [1m[35m (0.3ms)[0m  [1m[35mCREATE UNIQUE INDEX "index_active_storage_attachments_uniqueness" ON "active_storage_attachments" ("record_type", "record_id", "name", "blob_id")[0m
  [1m[36mActiveRecord::SchemaMigration Create (0.2ms)[0m  [1m[32mINSERT INTO "schema_migrations" ("version") VALUES (?)[0m  [["version", "20190827011913"]]
  [1m[36mTRANSACTION (1.4ms)[0m  [1m[36mcommit transaction[0m
Migrating to CreateRelationships (20190827030205)
  [1m[36mTRANSACTION (0.0ms)[0m  [1m[36mbegin transaction[0m
  [1m[35m (0.5ms)[0m  [1m[35mCREATE TABLE "relationships" ("id" integer PRIMARY KEY AUTOINCREMENT NOT NULL, "follower_id" integer, "followed_id" integer, "created_at" datetime(6) NOT NULL, "updated_at" datetime(6) NOT NULL)[0m
  [1m[35m (0.1ms)[0m  [1m[35mCREATE INDEX "index_relationships_on_follower_id" ON "relationships" ("follower_id")[0m
  [1m[35m (0.1ms)[0m  [1m[35mCREATE INDEX "index_relationships_on_followed_id" ON "relationships" ("followed_id")[0m
  [1m[35m (0.1ms)[0m  [1m[35mCREATE UNIQUE INDEX "index_relationships_on_follower_id_and_followed_id" ON "relationships" ("follower_id", "followed_id")[0m
  [1m[36mActiveRecord::SchemaMigration Create (0.1ms)[0m  [1m[32mINSERT INTO "schema_migrations" ("version") VALUES (?)[0m  [["version", "20190827030205"]]
  [1m[36mTRANSACTION (1.0ms)[0m  [1m[36mcommit transaction[0m
  [1m[36mActiveRecord::InternalMetadata Load (0.1ms)[0m  [1m[34mSELECT "ar_internal_metadata".* FROM "ar_internal_metadata" WHERE "ar_internal_metadata"."key" = ? LIMIT ?[0m  [["key", "environment"], ["LIMIT", 1]]
  [1m[36mTRANSACTION (0.0ms)[0m  [1m[36mbegin transaction[0m
  [1m[36mActiveRecord::InternalMetadata Create (0.6ms)[0m  [1m[32mINSERT INTO "ar_internal_metadata" ("key", "value", "created_at", "updated_at") VALUES (?, ?, ?, ?)[0m  [["key", "environment"], ["value", "development"], ["created_at", "2022-03-14 12:38:15.117407"], ["updated_at", "2022-03-14 12:38:15.117407"]]
  [1m[36mTRANSACTION (0.9ms)[0m  [1m[36mcommit transaction[0m
  [1m[35m (0.0ms)[0m  [1m[34mSELECT sqlite_version(*)[0m
  [1m[35m (0.1ms)[0m  [1m[34mSELECT "schema_migrations"."version" FROM "schema_migrations" ORDER BY "schema_migrations"."version" ASC[0m
Started GET "/" for 127.0.0.1 at 2022-03-14 08:39:12 -0400
  [1m[35m (0.5ms)[0m  [1m[34mSELECT sqlite_version(*)[0m
  [1m[35m (0.1ms)[0m  [1m[34mSELECT "schema_migrations"."version" FROM "schema_migrations" ORDER BY "schema_migrations"."version" ASC[0m
Processing by StaticPagesController#home as HTML
  Rendering layout layouts/application.html.erb
  Rendering static_pages/home.html.erb within layouts/application
  Rendered static_pages/home.html.erb within layouts/application (Duration: 598.1ms | Allocations: 263662)
[Webpacker] Compiling...
[Webpacker] Compiled all packs in /Users/illiabalashov/Documents/busy/RubyProjects/sample_rails_app/public/packs
[Webpacker] Hash: 56419feb42c9619c1034
Version: webpack 4.41.6
Time: 697ms
Built at: 03/14/2022 8:39:15 AM
                                     Asset       Size       Chunks                         Chunk Names
    js/application-63f3ab11a25be5dec18f.js    506 KiB  application  [emitted] [immutable]  application
js/application-63f3ab11a25be5dec18f.js.map    587 KiB  application  [emitted] [dev]        application
                             manifest.json  364 bytes               [emitted]              
Entrypoint application = js/application-63f3ab11a25be5dec18f.js js/application-63f3ab11a25be5dec18f.js.map
[./app/javascript/channels sync recursive _channel\.js$] ./app/javascript/channels sync _channel\.js$ 160 bytes {application} [built]
[./app/javascript/channels/index.js] 211 bytes {application} [built]
[./app/javascript/packs/application.js] 790 bytes {application} [built]
[./node_modules/webpack/buildin/module.js] (webpack)/buildin/module.js 552 bytes {application} [built]
    + 17 hidden modules

  Rendered layouts/_shim.html.erb (Duration: 0.5ms | Allocations: 112)
  Rendered layouts/_header.html.erb (Duration: 0.7ms | Allocations: 421)
  Rendered layouts/_footer.html.erb (Duration: 0.4ms | Allocations: 195)
  Rendered layout layouts/application.html.erb (Duration: 2577.2ms | Allocations: 283679)
Completed 200 OK in 2589ms (Views: 2580.6ms | ActiveRecord: 0.0ms | Allocations: 287129)


Started GET "/help" for 127.0.0.1 at 2022-03-14 08:39:22 -0400
Processing by StaticPagesController#help as HTML
  Rendering layout layouts/application.html.erb
  Rendering static_pages/help.html.erb within layouts/application
  Rendered static_pages/help.html.erb within layouts/application (Duration: 0.7ms | Allocations: 130)
[Webpacker] Everything's up-to-date. Nothing to do
  Rendered layouts/_shim.html.erb (Duration: 0.1ms | Allocations: 40)
  Rendered layouts/_header.html.erb (Duration: 0.3ms | Allocations: 133)
  Rendered layouts/_footer.html.erb (Duration: 0.1ms | Allocations: 75)
  Rendered layout layouts/application.html.erb (Duration: 28.7ms | Allocations: 8727)
Completed 200 OK in 30ms (Views: 29.2ms | ActiveRecord: 0.0ms | Allocations: 9239)


Started GET "/" for 127.0.0.1 at 2022-03-14 08:39:28 -0400
Processing by StaticPagesController#home as HTML
  Rendering layout layouts/application.html.erb
  Rendering static_pages/home.html.erb within layouts/application
  Rendered static_pages/home.html.erb within layouts/application (Duration: 1.5ms | Allocations: 696)
[Webpacker] Everything's up-to-date. Nothing to do
  Rendered layouts/_shim.html.erb (Duration: 0.1ms | Allocations: 40)
  Rendered layouts/_header.html.erb (Duration: 0.2ms | Allocations: 114)
  Rendered layouts/_footer.html.erb (Duration: 0.1ms | Allocations: 73)
  Rendered layout layouts/application.html.erb (Duration: 28.7ms | Allocations: 9132)
Completed 200 OK in 30ms (Views: 29.1ms | ActiveRecord: 0.0ms | Allocations: 9510)


Started GET "/contact" for 127.0.0.1 at 2022-03-14 08:39:29 -0400
Processing by StaticPagesController#contact as HTML
  Rendering layout layouts/application.html.erb
  Rendering static_pages/contact.html.erb within layouts/application
  Rendered static_pages/contact.html.erb within layouts/application (Duration: 0.4ms | Allocations: 126)
[Webpacker] Everything's up-to-date. Nothing to do
  Rendered layouts/_shim.html.erb (Duration: 0.1ms | Allocations: 40)
  Rendered layouts/_header.html.erb (Duration: 0.2ms | Allocations: 133)
  Rendered layouts/_footer.html.erb (Duration: 0.1ms | Allocations: 75)
  Rendered layout layouts/application.html.erb (Duration: 26.8ms | Allocations: 8723)
Completed 200 OK in 28ms (Views: 27.1ms | ActiveRecord: 0.0ms | Allocations: 9229)


Started GET "/contact" for 127.0.0.1 at 2022-03-14 08:39:36 -0400
Processing by StaticPagesController#contact as HTML
  Rendering layout layouts/application.html.erb
  Rendering static_pages/contact.html.erb within layouts/application
  Rendered static_pages/contact.html.erb within layouts/application (Duration: 0.1ms | Allocations: 41)
[Webpacker] Everything's up-to-date. Nothing to do
  Rendered layouts/_shim.html.erb (Duration: 0.1ms | Allocations: 40)
  Rendered layouts/_header.html.erb (Duration: 0.6ms | Allocations: 123)
  Rendered layouts/_footer.html.erb (Duration: 0.3ms | Allocations: 73)
  Rendered layout layouts/application.html.erb (Duration: 33.0ms | Allocations: 8623)
Completed 200 OK in 34ms (Views: 33.4ms | ActiveRecord: 0.0ms | Allocations: 9003)


Started GET "/login" for 127.0.0.1 at 2022-03-14 08:39:50 -0400
Processing by SessionsController#new as HTML
  Rendering layout layouts/application.html.erb
  Rendering sessions/new.html.erb within layouts/application
  Rendered sessions/new.html.erb within layouts/application (Duration: 3.4ms | Allocations: 1481)
[Webpacker] Everything's up-to-date. Nothing to do
  Rendered layouts/_shim.html.erb (Duration: 0.1ms | Allocations: 40)
  Rendered layouts/_header.html.erb (Duration: 0.2ms | Allocations: 119)
  Rendered layouts/_footer.html.erb (Duration: 0.1ms | Allocations: 75)
  Rendered layout layouts/application.html.erb (Duration: 31.1ms | Allocations: 10019)
Completed 200 OK in 33ms (Views: 32.5ms | ActiveRecord: 0.0ms | Allocations: 10898)


Started GET "/" for 127.0.0.1 at 2022-03-14 08:39:54 -0400
Processing by StaticPagesController#home as HTML
  Rendering layout layouts/application.html.erb
  Rendering static_pages/home.html.erb within layouts/application
  Rendered static_pages/home.html.erb within layouts/application (Duration: 1.1ms | Allocations: 705)
[Webpacker] Everything's up-to-date. Nothing to do
  Rendered layouts/_shim.html.erb (Duration: 0.1ms | Allocations: 40)
  Rendered layouts/_header.html.erb (Duration: 0.2ms | Allocations: 117)
  Rendered layouts/_footer.html.erb (Duration: 0.1ms | Allocations: 75)
  Rendered layout layouts/application.html.erb (Duration: 26.7ms | Allocations: 9153)
Completed 200 OK in 28ms (Views: 27.1ms | ActiveRecord: 0.0ms | Allocations: 9531)


Started GET "/signup" for 127.0.0.1 at 2022-03-14 08:40:34 -0400
Processing by UsersController#new as HTML
  Rendering layout layouts/application.html.erb
  Rendering users/new.html.erb within layouts/application
  Rendered shared/_error_messages.html.erb (Duration: 0.4ms | Allocations: 214)
  Rendered users/new.html.erb within layouts/application (Duration: 3.2ms | Allocations: 1716)
[Webpacker] Everything's up-to-date. Nothing to do
  Rendered layouts/_shim.html.erb (Duration: 0.1ms | Allocations: 39)
  Rendered layouts/_header.html.erb (Duration: 0.2ms | Allocations: 123)
  Rendered layouts/_footer.html.erb (Duration: 0.1ms | Allocations: 75)
  Rendered layout layouts/application.html.erb (Duration: 30.5ms | Allocations: 10261)
Completed 200 OK in 48ms (Views: 31.8ms | ActiveRecord: 0.5ms | Allocations: 21449)


Started GET "/help" for 127.0.0.1 at 2022-03-14 08:40:37 -0400
Processing by StaticPagesController#help as HTML
  Rendering layout layouts/application.html.erb
  Rendering static_pages/help.html.erb within layouts/application
  Rendered static_pages/help.html.erb within layouts/application (Duration: 0.1ms | Allocations: 41)
[Webpacker] Everything's up-to-date. Nothing to do
  Rendered layouts/_shim.html.erb (Duration: 0.1ms | Allocations: 40)
  Rendered layouts/_header.html.erb (Duration: 0.2ms | Allocations: 133)
  Rendered layouts/_footer.html.erb (Duration: 0.1ms | Allocations: 75)
  Rendered layout layouts/application.html.erb (Duration: 25.4ms | Allocations: 8633)
Completed 200 OK in 26ms (Views: 25.9ms | ActiveRecord: 0.0ms | Allocations: 9008)


Started GET "/login" for 127.0.0.1 at 2022-03-14 08:40:39 -0400
Processing by SessionsController#new as HTML
  Rendering layout layouts/application.html.erb
  Rendering sessions/new.html.erb within layouts/application
  Rendered sessions/new.html.erb within layouts/application (Duration: 0.8ms | Allocations: 491)
[Webpacker] Everything's up-to-date. Nothing to do
  Rendered layouts/_shim.html.erb (Duration: 0.1ms | Allocations: 40)
  Rendered layouts/_header.html.erb (Duration: 0.2ms | Allocations: 119)
  Rendered layouts/_footer.html.erb (Duration: 0.1ms | Allocations: 75)
  Rendered layout layouts/application.html.erb (Duration: 26.7ms | Allocations: 9066)
Completed 200 OK in 28ms (Views: 27.1ms | ActiveRecord: 0.0ms | Allocations: 9441)


Started GET "/signup" for 127.0.0.1 at 2022-03-14 08:40:41 -0400
Processing by UsersController#new as HTML
  Rendering layout layouts/application.html.erb
  Rendering users/new.html.erb within layouts/application
  Rendered shared/_error_messages.html.erb (Duration: 0.1ms | Allocations: 43)
  Rendered users/new.html.erb within layouts/application (Duration: 1.7ms | Allocations: 927)
[Webpacker] Everything's up-to-date. Nothing to do
  Rendered layouts/_shim.html.erb (Duration: 0.1ms | Allocations: 39)
  Rendered layouts/_header.html.erb (Duration: 0.2ms | Allocations: 114)
  Rendered layouts/_footer.html.erb (Duration: 0.1ms | Allocations: 73)
  Rendered layout layouts/application.html.erb (Duration: 27.9ms | Allocations: 9492)
Completed 200 OK in 29ms (Views: 28.4ms | ActiveRecord: 0.0ms | Allocations: 9906)


Started POST "/users" for 127.0.0.1 at 2022-03-14 08:40:51 -0400
Processing by UsersController#create as HTML
  Parameters: {"authenticity_token"=>"b53JUy9kN19RyYyx8gRrRryzYk3FuDJNDWILuxww/g5dQrczDPs8mqNPEv4fztEToHklPyM1ktXfROn63rUeTg==", "user"=>{"name"=>"Test", "email"=>"test@test.com", "password"=>"[FILTERED]", "password_confirmation"=>"[FILTERED]"}, "commit"=>"Create my account"}
  [1m[36mTRANSACTION (0.1ms)[0m  [1m[36mbegin transaction[0m
  ↳ app/controllers/users_controller.rb:22:in `create'
  [1m[36mUser Exists? (0.2ms)[0m  [1m[34mSELECT 1 AS one FROM "users" WHERE "users"."email" = ? LIMIT ?[0m  [["email", "test@test.com"], ["LIMIT", 1]]
  ↳ app/controllers/users_controller.rb:22:in `create'
  [1m[36mTRANSACTION (0.0ms)[0m  [1m[31mrollback transaction[0m
  ↳ app/controllers/users_controller.rb:22:in `create'
  Rendering layout layouts/application.html.erb
  Rendering users/new.html.erb within layouts/application
  Rendered shared/_error_messages.html.erb (Duration: 0.8ms | Allocations: 520)
  Rendered users/new.html.erb within layouts/application (Duration: 2.9ms | Allocations: 1969)
[Webpacker] Everything's up-to-date. Nothing to do
  Rendered layouts/_shim.html.erb (Duration: 0.1ms | Allocations: 39)
  Rendered layouts/_header.html.erb (Duration: 0.2ms | Allocations: 114)
  Rendered layouts/_footer.html.erb (Duration: 0.1ms | Allocations: 73)
  Rendered layout layouts/application.html.erb (Duration: 29.2ms | Allocations: 10511)
Completed 200 OK in 290ms (Views: 29.6ms | ActiveRecord: 0.3ms | Allocations: 14502)


Started POST "/users" for 127.0.0.1 at 2022-03-14 08:41:00 -0400
Processing by UsersController#create as HTML
  Parameters: {"authenticity_token"=>"McGDIFvYUQXaw5+JkQTAtgpL0PT5HjPJWKarjVtLPjMDHv1AeEdawChFAcZ8znrjFoGXhh+Tk1GKgEnMmc7ecw==", "user"=>{"name"=>"Test", "email"=>"test@test.com", "password"=>"[FILTERED]", "password_confirmation"=>"[FILTERED]"}, "commit"=>"Create my account"}
  [1m[36mTRANSACTION (0.1ms)[0m  [1m[36mbegin transaction[0m
  ↳ app/controllers/users_controller.rb:22:in `create'
  [1m[36mUser Exists? (0.1ms)[0m  [1m[34mSELECT 1 AS one FROM "users" WHERE "users"."email" = ? LIMIT ?[0m  [["email", "test@test.com"], ["LIMIT", 1]]
  ↳ app/controllers/users_controller.rb:22:in `create'
  [1m[36mUser Create (0.7ms)[0m  [1m[32mINSERT INTO "users" ("name", "email", "created_at", "updated_at", "password_digest", "activation_digest") VALUES (?, ?, ?, ?, ?, ?)[0m  [["name", "Test"], ["email", "test@test.com"], ["created_at", "2022-03-14 12:41:00.916144"], ["updated_at", "2022-03-14 12:41:00.916144"], ["password_digest", "$2a$12$kaz.tw.TtRGnmwmYSV3B2ea240KckCFqWlwmhLEdeLox4d4dTS4km"], ["activation_digest", "$2a$12$HQdW0jyLs0NwuKLyPZTY/uw9X8PuaGmeTbumfslk4iUQOc590/F5e"]]
  ↳ app/controllers/users_controller.rb:22:in `create'
  [1m[36mTRANSACTION (1.6ms)[0m  [1m[36mcommit transaction[0m
  ↳ app/controllers/users_controller.rb:22:in `create'
  Rendering layout layouts/mailer.html.erb
  Rendering user_mailer/account_activation.html.erb within layouts/mailer
  Rendered user_mailer/account_activation.html.erb within layouts/mailer (Duration: 1.3ms | Allocations: 220)
  Rendered layout layouts/mailer.html.erb (Duration: 1.9ms | Allocations: 391)
  Rendering layout layouts/mailer.text.erb
  Rendering user_mailer/account_activation.text.erb within layouts/mailer
  Rendered user_mailer/account_activation.text.erb within layouts/mailer (Duration: 0.4ms | Allocations: 192)
  Rendered layout layouts/mailer.text.erb (Duration: 0.7ms | Allocations: 342)
UserMailer#account_activation: processed outbound mail in 8.4ms
Delivered mail 622f37dd2f6a1_292f5bb8-3f2@MBPIB-2.local.mail (23.3ms)
Date: Mon, 14 Mar 2022 08:41:01 -0400
From: noreply@example.com
To: test@test.com
Message-ID: <622f37dd2f6a1_292f5bb8-3f2@MBPIB-2.local.mail>
Subject: Account activation
Mime-Version: 1.0
Content-Type: multipart/alternative;
 boundary="--==_mimepart_622f37dd2e9d5_292f5bb8-44f";
 charset=UTF-8
Content-Transfer-Encoding: 7bit


----==_mimepart_622f37dd2e9d5_292f5bb8-44f
Content-Type: text/plain;
 charset=UTF-8
Content-Transfer-Encoding: 7bit

Hi Test,

Welcome to the Sample App! Click on the link below to activate your account:

https://0ebe1dc6d40e4a4bb06e0ca7fe138127.vfs.cloud9.us-east-2.amazonaws.com/account_activations/85X-tz1tG0Z2MJAaWLL__A/edit?email=test%40test.com


----==_mimepart_622f37dd2e9d5_292f5bb8-44f
Content-Type: text/html;
 charset=UTF-8
Content-Transfer-Encoding: 7bit

<!DOCTYPE html>
<html>
  <head>
    <meta http-equiv="Content-Type" content="text/html; charset=utf-8" />
    <style>
      /* Email styles need to be inline */
    </style>
  </head>

  <body>
    <h1>Sample App</h1>

<p>Hi Test,</p>

<p>
Welcome to the Sample App! Click on the link below to activate your account:
</p>

<a href="https://0ebe1dc6d40e4a4bb06e0ca7fe138127.vfs.cloud9.us-east-2.amazonaws.com/account_activations/85X-tz1tG0Z2MJAaWLL__A/edit?email=test%40test.com">Activate</a>

  </body>
</html>

----==_mimepart_622f37dd2e9d5_292f5bb8-44f--

Redirected to http://127.0.0.1:3000/
Completed 302 Found in 555ms (ActiveRecord: 2.5ms | Allocations: 22623)


Started GET "/" for 127.0.0.1 at 2022-03-14 08:41:01 -0400
Processing by StaticPagesController#home as HTML
  Rendering layout layouts/application.html.erb
  Rendering static_pages/home.html.erb within layouts/application
  Rendered static_pages/home.html.erb within layouts/application (Duration: 1.2ms | Allocations: 708)
[Webpacker] Everything's up-to-date. Nothing to do
  Rendered layouts/_shim.html.erb (Duration: 0.1ms | Allocations: 40)
  Rendered layouts/_header.html.erb (Duration: 0.3ms | Allocations: 117)
  Rendered layouts/_footer.html.erb (Duration: 0.1ms | Allocations: 75)
  Rendered layout layouts/application.html.erb (Duration: 26.9ms | Allocations: 9163)
Completed 200 OK in 28ms (Views: 27.4ms | ActiveRecord: 0.0ms | Allocations: 9549)


Started GET "/login" for 127.0.0.1 at 2022-03-14 08:41:07 -0400
Processing by SessionsController#new as HTML
  Rendering layout layouts/application.html.erb
  Rendering sessions/new.html.erb within layouts/application
  Rendered sessions/new.html.erb within layouts/application (Duration: 0.9ms | Allocations: 491)
[Webpacker] Everything's up-to-date. Nothing to do
  Rendered layouts/_shim.html.erb (Duration: 0.1ms | Allocations: 40)
  Rendered layouts/_header.html.erb (Duration: 0.2ms | Allocations: 119)
  Rendered layouts/_footer.html.erb (Duration: 0.1ms | Allocations: 75)
  Rendered layout layouts/application.html.erb (Duration: 27.5ms | Allocations: 9066)
Completed 200 OK in 28ms (Views: 27.9ms | ActiveRecord: 0.0ms | Allocations: 9441)


Started POST "/login" for 127.0.0.1 at 2022-03-14 08:41:15 -0400
Processing by SessionsController#create as HTML
  Parameters: {"authenticity_token"=>"2nxmgx9ZudXcbd/1eOz3uQx9WAwxSjPcVfsJi2RPzpvBMBarJ+P05D5hvYWwWGlg86aIhDZNDFDPd0lUnOSzHw==", "session"=>{"email"=>"test@test.com", "password"=>"[FILTERED]", "remember_me"=>"0"}, "commit"=>"Log in"}
  [1m[36mUser Load (0.2ms)[0m  [1m[34mSELECT "users".* FROM "users" WHERE "users"."email" = ? LIMIT ?[0m  [["email", "test@test.com"], ["LIMIT", 1]]
  ↳ app/controllers/sessions_controller.rb:7:in `create'
Redirected to http://127.0.0.1:3000/
Completed 302 Found in 251ms (ActiveRecord: 0.2ms | Allocations: 1034)


Started GET "/" for 127.0.0.1 at 2022-03-14 08:41:15 -0400
Processing by StaticPagesController#home as HTML
  Rendering layout layouts/application.html.erb
  Rendering static_pages/home.html.erb within layouts/application
  Rendered static_pages/home.html.erb within layouts/application (Duration: 1.3ms | Allocations: 695)
[Webpacker] Everything's up-to-date. Nothing to do
  Rendered layouts/_shim.html.erb (Duration: 0.1ms | Allocations: 40)
  Rendered layouts/_header.html.erb (Duration: 0.2ms | Allocations: 114)
  Rendered layouts/_footer.html.erb (Duration: 0.1ms | Allocations: 73)
  Rendered layout layouts/application.html.erb (Duration: 27.7ms | Allocations: 9134)
Completed 200 OK in 29ms (Views: 28.1ms | ActiveRecord: 0.0ms | Allocations: 9520)


Started GET "/" for 127.0.0.1 at 2022-03-14 08:41:27 -0400
Processing by StaticPagesController#home as HTML
  Rendering layout layouts/application.html.erb
  Rendering static_pages/home.html.erb within layouts/application
  Rendered static_pages/home.html.erb within layouts/application (Duration: 1.3ms | Allocations: 695)
[Webpacker] Everything's up-to-date. Nothing to do
  Rendered layouts/_shim.html.erb (Duration: 0.1ms | Allocations: 40)
  Rendered layouts/_header.html.erb (Duration: 0.2ms | Allocations: 114)
  Rendered layouts/_footer.html.erb (Duration: 0.1ms | Allocations: 73)
  Rendered layout layouts/application.html.erb (Duration: 27.6ms | Allocations: 9131)
Completed 200 OK in 28ms (Views: 28.0ms | ActiveRecord: 0.0ms | Allocations: 9508)


Started GET "/" for 127.0.0.1 at 2022-03-14 08:41:28 -0400
Processing by StaticPagesController#home as HTML
  Rendering layout layouts/application.html.erb
  Rendering static_pages/home.html.erb within layouts/application
  Rendered static_pages/home.html.erb within layouts/application (Duration: 1.3ms | Allocations: 695)
[Webpacker] Everything's up-to-date. Nothing to do
  Rendered layouts/_shim.html.erb (Duration: 0.1ms | Allocations: 40)
  Rendered layouts/_header.html.erb (Duration: 0.2ms | Allocations: 114)
  Rendered layouts/_footer.html.erb (Duration: 0.1ms | Allocations: 73)
  Rendered layout layouts/application.html.erb (Duration: 28.2ms | Allocations: 9131)
Completed 200 OK in 29ms (Views: 28.5ms | ActiveRecord: 0.0ms | Allocations: 9508)


Started GET "/" for 127.0.0.1 at 2022-03-14 08:41:28 -0400
Processing by StaticPagesController#home as HTML
  Rendering layout layouts/application.html.erb
  Rendering static_pages/home.html.erb within layouts/application
  Rendered static_pages/home.html.erb within layouts/application (Duration: 1.2ms | Allocations: 695)
[Webpacker] Everything's up-to-date. Nothing to do
  Rendered layouts/_shim.html.erb (Duration: 0.1ms | Allocations: 40)
  Rendered layouts/_header.html.erb (Duration: 0.2ms | Allocations: 114)
  Rendered layouts/_footer.html.erb (Duration: 0.1ms | Allocations: 73)
  Rendered layout layouts/application.html.erb (Duration: 28.3ms | Allocations: 9131)
Completed 200 OK in 29ms (Views: 28.7ms | ActiveRecord: 0.0ms | Allocations: 9508)


Started GET "/login" for 127.0.0.1 at 2022-03-14 08:43:39 -0400
Processing by SessionsController#new as HTML
  Rendering layout layouts/application.html.erb
  Rendering sessions/new.html.erb within layouts/application
  Rendered sessions/new.html.erb within layouts/application (Duration: 1.1ms | Allocations: 482)
[Webpacker] Everything's up-to-date. Nothing to do
  Rendered layouts/_shim.html.erb (Duration: 0.1ms | Allocations: 40)
  Rendered layouts/_header.html.erb (Duration: 0.2ms | Allocations: 114)
  Rendered layouts/_footer.html.erb (Duration: 0.1ms | Allocations: 73)
  Rendered layout layouts/application.html.erb (Duration: 29.7ms | Allocations: 9049)
Completed 200 OK in 30ms (Views: 30.1ms | ActiveRecord: 0.0ms | Allocations: 9423)


Started GET "/" for 127.0.0.1 at 2022-03-14 08:45:02 -0400
Processing by StaticPagesController#home as HTML
  Rendering layout layouts/application.html.erb
  Rendering static_pages/home.html.erb within layouts/application
  Rendered static_pages/home.html.erb within layouts/application (Duration: 1.9ms | Allocations: 697)
[Webpacker] Everything's up-to-date. Nothing to do
  Rendered layouts/_shim.html.erb (Duration: 0.1ms | Allocations: 40)
  Rendered layouts/_header.html.erb (Duration: 0.2ms | Allocations: 114)
  Rendered layouts/_footer.html.erb (Duration: 0.1ms | Allocations: 73)
  Rendered layout layouts/application.html.erb (Duration: 33.0ms | Allocations: 9133)
Completed 200 OK in 34ms (Views: 33.5ms | ActiveRecord: 0.0ms | Allocations: 9510)


Started GET "/" for 127.0.0.1 at 2022-03-14 08:47:44 -0400
Processing by StaticPagesController#home as HTML
  Rendering layout layouts/application.html.erb
  Rendering static_pages/home.html.erb within layouts/application
  Rendered static_pages/home.html.erb within layouts/application (Duration: 2.4ms | Allocations: 956)
[Webpacker] Everything's up-to-date. Nothing to do
  Rendered layouts/_shim.html.erb (Duration: 0.3ms | Allocations: 109)
  Rendered layouts/_header.html.erb (Duration: 11.1ms | Allocations: 4451)
  Rendered layout layouts/application.html.erb (Duration: 41.3ms | Allocations: 14115)
Completed 500 Internal Server Error in 46ms (Allocations: 15189)


  
ActionView::SyntaxErrorInTemplate (Encountered a syntax error while rendering template: check <header class="navbar navbar-fixed-top navbar-inverse">
  <div class="container">
    <%= link_to "sample app", root_path, id: "logo" %>
    <nav>
      <div class="navbar-header">
        <button type="button" class="navbar-toggle collapsed"
                data-toggle="collapse"
                data-target="#bs-example-navbar-collapse-1"
                aria-expanded="false">
          <span class="sr-only">Toggle navigation</span>
          <span class="icon-bar"></span>
          <span class="icon-bar"></span>
          <span class="icon-bar"></span>
        </button>
      </div>
      <ul class="nav navbar-nav navbar-right collapse navbar-collapse"
          id="bs-example-navbar-collapse-1">
        <li><%= link_to "Home", root_path %></li>
        <li><%= link_to "Help", help_path %></li>
        <%# <% if logged_in? %> 
          <li><%= link_to "Users", users_path %></li>
          <li class="dropdown">
            <a href="#" class="dropdown-toggle" data-toggle="dropdown">
              Account <b class="caret"></b>
            </a>
            <ul class="dropdown-menu">
              <li><%= link_to "Profile", current_user %></li>
              <li><%= link_to "Settings", edit_user_path(current_user) %></li>
              <li class="divider"></li>
              <li>
                <%= link_to "Log out", logout_path, method: :delete %>
              </li>
            </ul>
          </li>
        <% else %>
          <li><%= link_to "Log in", login_path %></li>
        <%#<% end %>
      </ul>
    </nav>
  </div>
</header>

):
1:    <header class="navbar navbar-fixed-top navbar-inverse">
2:      <div class="container">
3:        <%= link_to "sample app", root_path, id: "logo" %>
4:        <nav>
5:          <div class="navbar-header">
6:            <button type="button" class="navbar-toggle collapsed"
7:                    data-toggle="collapse"
8:                    data-target="#bs-example-navbar-collapse-1"
9:                    aria-expanded="false">
10:              <span class="sr-only">Toggle navigation</span>
11:              <span class="icon-bar"></span>
12:              <span class="icon-bar"></span>
13:              <span class="icon-bar"></span>
14:            </button>
15:          </div>
16:          <ul class="nav navbar-nav navbar-right collapse navbar-collapse"
17:              id="bs-example-navbar-collapse-1">
18:            <li><%= link_to "Home", root_path %></li>
19:            <li><%= link_to "Help", help_path %></li>
20:            <%# <% if logged_in? %> 
21:              <li><%= link_to "Users", users_path %></li>
22:              <li class="dropdown">
23:                <a href="#" class="dropdown-toggle" data-toggle="dropdown">
24:                  Account <b class="caret"></b>
25:                </a>
26:                <ul class="dropdown-menu">
27:                  <li><%= link_to "Profile", current_user %></li>
28:                  <li><%= link_to "Settings", edit_user_path(current_user) %></li>
29:                  <li class="divider"></li>
30:                  <li>
31:                    <%= link_to "Log out", logout_path, method: :delete %>
32:                  </li>
33:                </ul>
34:              </li>
35:            <% else %>
36:              <li><%= link_to "Log in", login_path %></li>
37:            <%#<% end %>
38:          </ul>
39:        </nav>
40:      </div>
41:    </header>
  
app/views/layouts/_header.html.erb:35: else without rescue is useless
app/views/layouts/_header.html.erb:35: else without rescue is useless
app/views/layouts/_header.html.erb:35: else without rescue is useless
app/views/layouts/_header.html.erb:35: else without rescue is useless
app/views/layouts/_header.html.erb:35: else without rescue is useless
app/views/layouts/_header.html.erb:35: else without rescue is useless
app/views/layouts/application.html.erb:16
Started GET "/" for 127.0.0.1 at 2022-03-14 08:48:05 -0400
Processing by StaticPagesController#home as HTML
  Rendering layout layouts/application.html.erb
  Rendering static_pages/home.html.erb within layouts/application
  Rendered static_pages/home.html.erb within layouts/application (Duration: 2.0ms | Allocations: 1092)
[Webpacker] Everything's up-to-date. Nothing to do
  Rendered layouts/_shim.html.erb (Duration: 0.4ms | Allocations: 109)
  Rendered layouts/_header.html.erb (Duration: 2.1ms | Allocations: 2002)
  Rendered layout layouts/application.html.erb (Duration: 34.1ms | Allocations: 11847)
Completed 500 Internal Server Error in 37ms (Allocations: 13009)


  
ActionView::Template::Error (No route matches {:action=>"edit", :controller=>"users", :id=>nil}, missing required keys: [:id]):
    25:             </a>
    26:             <ul class="dropdown-menu">
    27:               <li><%= link_to "Profile", current_user %></li>
    28:               <li><%= link_to "Settings", edit_user_path(current_user) %></li>
    29:               <li class="divider"></li>
    30:               <li>
    31:                 <%= link_to "Log out", logout_path, method: :delete %>
  
app/views/layouts/_header.html.erb:28
app/views/layouts/application.html.erb:16
Started GET "/" for 127.0.0.1 at 2022-03-14 08:51:23 -0400
Processing by StaticPagesController#home as HTML
  Rendering layout layouts/application.html.erb
  Rendering static_pages/home.html.erb within layouts/application
  Rendered static_pages/home.html.erb within layouts/application (Duration: 2.2ms | Allocations: 701)
[Webpacker] Everything's up-to-date. Nothing to do
  Rendered layouts/_shim.html.erb (Duration: 0.1ms | Allocations: 40)
  Rendered layouts/_header.html.erb (Duration: 0.9ms | Allocations: 1164)
  Rendered layout layouts/application.html.erb (Duration: 38.8ms | Allocations: 9932)
Completed 500 Internal Server Error in 41ms (Allocations: 10282)


  
ActionView::Template::Error (No route matches {:action=>"edit", :controller=>"users", :id=>nil}, missing required keys: [:id]):
    25:             </a>
    26:             <ul class="dropdown-menu">
    27:               <li><%= link_to "Profile", current_user %></li>
    28:               <li><%= link_to "Settings", edit_user_path(current_user) %></li>
    29:               <li class="divider"></li>
    30:               <li>
    31:                 <%= link_to "Log out", logout_path, method: :delete %>
  
app/views/layouts/_header.html.erb:28
app/views/layouts/application.html.erb:16
Started GET "/" for 127.0.0.1 at 2022-03-14 08:51:30 -0400
Processing by StaticPagesController#home as HTML
  Rendering layout layouts/application.html.erb
  Rendering static_pages/home.html.erb within layouts/application
  Rendered static_pages/home.html.erb within layouts/application (Duration: 2.4ms | Allocations: 959)
[Webpacker] Everything's up-to-date. Nothing to do
  Rendered layouts/_shim.html.erb (Duration: 0.6ms | Allocations: 109)
  Rendered layouts/_header.html.erb (Duration: 0.7ms | Allocations: 402)
  Rendered layouts/_footer.html.erb (Duration: 0.8ms | Allocations: 189)
  Rendered layout layouts/application.html.erb (Duration: 33.6ms | Allocations: 10597)
Completed 200 OK in 37ms (Views: 36.1ms | Allocations: 11701)


